#
# There is insufficient memory for the Java Runtime Environment to continue.
# Native memory allocation (mmap) failed to map 117440512 bytes for Failed to commit area from 0x0000000091000000 to 0x0000000098000000 of length 117440512.
# Possible reasons:
#   The system is out of physical RAM or swap space
#   The process is running with CompressedOops enabled, and the Java Heap may be blocking the growth of the native heap
# Possible solutions:
#   Reduce memory load on the system
#   Increase physical memory or swap space
#   Check if swap backing store is full
#   Decrease Java heap size (-Xmx/-Xms)
#   Decrease number of Java threads
#   Decrease Java thread stack sizes (-Xss)
#   Set larger code cache with -XX:ReservedCodeCacheSize=
# This output file may be truncated or incomplete.
#
#  Out of Memory Error (./src/hotspot/os/windows/os_windows.cpp:3303), pid=21768, tid=12516
#
# JRE version:  (11.0.9.1+11) (build )
# Java VM: OpenJDK 64-Bit Server VM (11.0.9.1+11-b1145.77, mixed mode, sharing, tiered, compressed oops, g1 gc, windows-amd64)
# No core dump will be written. Minidumps are not enabled by default on client versions of Windows
#

---------------  S U M M A R Y ------------

Command Line: org.jetbrains.git4idea.http.GitAskPassApp Username for 'https://github.com': 

Host: AMD Ryzen 5 3500U with Radeon Vega Mobile Gfx  , 8 cores, 6G,  Windows 10 , 64 bit Build 19041 (10.0.19041.804)
Time: Wed Apr  7 19:11:26 2021 Paris, Madrid (heure d’été) elapsed time: 0.015184 seconds (0d 0h 0m 0s)

---------------  T H R E A D  ---------------

Current thread (0x0000018d0b8da800):  JavaThread "Unknown thread" [_thread_in_vm, id=12516, stack(0x0000002922600000,0x0000002922700000)]

Stack: [0x0000002922600000,0x0000002922700000]
Native frames: (J=compiled Java code, j=interpreted, Vv=VM code, C=native code)
V  [jvm.dll+0x5edd9a]
V  [jvm.dll+0x7229c5]
V  [jvm.dll+0x723f1d]
V  [jvm.dll+0x7245d3]
V  [jvm.dll+0x2431b8]
V  [jvm.dll+0x5eb234]
V  [jvm.dll+0x5e0325]
V  [jvm.dll+0x2fe60b]
V  [jvm.dll+0x2fe57a]
V  [jvm.dll+0x2fe452]
V  [jvm.dll+0x303346]
V  [jvm.dll+0x34ba83]
V  [jvm.dll+0x34c186]
V  [jvm.dll+0x34bb83]
V  [jvm.dll+0x2d9218]
V  [jvm.dll+0x2da3c7]
V  [jvm.dll+0x701a67]
V  [jvm.dll+0x70325c]
V  [jvm.dll+0x359049]
V  [jvm.dll+0x6e552e]
V  [jvm.dll+0x3c1353]
V  [jvm.dll+0x3c3571]
C  [jli.dll+0x5373]
C  [ucrtbase.dll+0x21bb2]
C  [KERNEL32.DLL+0x17034]
C  [ntdll.dll+0x52651]


---------------  P R O C E S S  ---------------

Threads class SMR info:
_java_thread_list=0x0000018d09704f30, length=0, elements={
}

Java Threads: ( => current thread )

Other Threads:
  0x0000018d0b8f3800 GCTaskThread "GC Thread#0" [stack: 0x0000002922700000,0x0000002922800000] [id=15960]
  0x0000018d0b91f000 ConcurrentGCThread "G1 Main Marker" [stack: 0x0000002922800000,0x0000002922900000] [id=7480]
  0x0000018d0b922000 ConcurrentGCThread "G1 Conc#0" [stack: 0x0000002922900000,0x0000002922a00000] [id=21472]

[error occurred during error reporting (printing all threads), id 0xc0000005, EXCEPTION_ACCESS_VIOLATION (0xc0000005) at pc=0x00007ffe4d5b9807]

VM state:not at safepoint (not fully initialized)

VM Mutex/Monitor currently owned by a thread:  ([mutex/lock_event])
[0x0000018d0b8d7a60] Heap_lock - owner thread: 0x0000018d0b8da800

Heap address: 0x0000000091000000, size: 1776 MB, Compressed Oops mode: Non-zero based: 0x0000000091000000
Narrow klass base: 0x0000000000000000, Narrow klass shift: 0

GC Heap History (0 events):
No events

Deoptimization events (0 events):
No events

Classes redefined (0 events):
No events

Internal exceptions (0 events):
No events

Events (1 events):
Event: 0.009 Loaded shared library D:\Programmes\PhpStorm 2020.3.2\jbr\bin\zip.dll


Dynamic libraries:
0x00007ff741d10000 - 0x00007ff741d1a000 	D:\Programmes\PhpStorm 2020.3.2\jbr\bin\java.exe
0x00007ffeb7b50000 - 0x00007ffeb7d45000 	C:\Windows\SYSTEM32\ntdll.dll
0x00007ffeb7420000 - 0x00007ffeb74dd000 	C:\Windows\System32\KERNEL32.DLL
0x00007ffeb5670000 - 0x00007ffeb5939000 	C:\Windows\System32\KERNELBASE.dll
0x00007ffeb5490000 - 0x00007ffeb5590000 	C:\Windows\System32\ucrtbase.dll
0x00007ffea6180000 - 0x00007ffea6199000 	D:\Programmes\PhpStorm 2020.3.2\jbr\bin\jli.dll
0x00007ffea4a00000 - 0x00007ffea4a17000 	D:\Programmes\PhpStorm 2020.3.2\jbr\bin\VCRUNTIME140.dll
0x00007ffeb6390000 - 0x00007ffeb6530000 	C:\Windows\System32\USER32.dll
0x00007ffeb59f0000 - 0x00007ffeb5a12000 	C:\Windows\System32\win32u.dll
0x00007ffea7320000 - 0x00007ffea75ba000 	C:\Windows\WinSxS\amd64_microsoft.windows.common-controls_6595b64144ccf1df_6.0.19041.844_none_ca00b6081b84eb1d\COMCTL32.dll
0x00007ffeb6220000 - 0x00007ffeb624a000 	C:\Windows\System32\GDI32.dll
0x00007ffeb60d0000 - 0x00007ffeb616e000 	C:\Windows\System32\msvcrt.dll
0x00007ffeb5a70000 - 0x00007ffeb5b7b000 	C:\Windows\System32\gdi32full.dll
0x00007ffeb5290000 - 0x00007ffeb532d000 	C:\Windows\System32\msvcp_win.dll
0x00007ffeb6ea0000 - 0x00007ffeb6ed0000 	C:\Windows\System32\IMM32.DLL
0x00007ffe80f10000 - 0x00007ffe80fad000 	D:\Programmes\PhpStorm 2020.3.2\jbr\bin\msvcp140.dll
0x00007ffe4d2d0000 - 0x00007ffe4dd9e000 	D:\Programmes\PhpStorm 2020.3.2\jbr\bin\server\jvm.dll
0x00007ffeb6170000 - 0x00007ffeb621c000 	C:\Windows\System32\ADVAPI32.dll
0x00007ffeb74e0000 - 0x00007ffeb757c000 	C:\Windows\System32\sechost.dll
0x00007ffeb7950000 - 0x00007ffeb7a7b000 	C:\Windows\System32\RPCRT4.dll
0x00007ffeb5bd0000 - 0x00007ffeb5bd8000 	C:\Windows\System32\PSAPI.DLL
0x00007ffeaece0000 - 0x00007ffeaece9000 	C:\Windows\SYSTEM32\WSOCK32.dll
0x00007ffeab5c0000 - 0x00007ffeab5ca000 	C:\Windows\SYSTEM32\VERSION.dll
0x00007ffeaab70000 - 0x00007ffeaab97000 	C:\Windows\SYSTEM32\WINMM.dll
0x00007ffeb7700000 - 0x00007ffeb776b000 	C:\Windows\System32\WS2_32.dll
0x00007ffeb3bc0000 - 0x00007ffeb3bd2000 	C:\Windows\SYSTEM32\kernel.appcore.dll
0x00007ffeafeb0000 - 0x00007ffeafec1000 	D:\Programmes\PhpStorm 2020.3.2\jbr\bin\verify.dll
0x00007ffeb3620000 - 0x00007ffeb3804000 	C:\Windows\SYSTEM32\DBGHELP.DLL
0x00007ffea32d0000 - 0x00007ffea32fc000 	C:\Windows\SYSTEM32\dbgcore.DLL
0x00007ffeb55f0000 - 0x00007ffeb5670000 	C:\Windows\System32\bcryptPrimitives.dll
0x00007ffe8fc30000 - 0x00007ffe8fc59000 	D:\Programmes\PhpStorm 2020.3.2\jbr\bin\java.dll
0x00007ffeaf130000 - 0x00007ffeaf13b000 	D:\Programmes\PhpStorm 2020.3.2\jbr\bin\jimage.dll
0x00007ffe92560000 - 0x00007ffe92578000 	D:\Programmes\PhpStorm 2020.3.2\jbr\bin\zip.dll

dbghelp: loaded successfully - version: 4.0.5 - missing functions: none
symbol engine: initialized successfully - sym options: 0x614 - pdb path: .;D:\Programmes\PhpStorm 2020.3.2\jbr\bin;C:\Windows\SYSTEM32;C:\Windows\WinSxS\amd64_microsoft.windows.common-controls_6595b64144ccf1df_6.0.19041.844_none_ca00b6081b84eb1d;D:\Programmes\PhpStorm 2020.3.2\jbr\bin\server

VM Arguments:
java_command: org.jetbrains.git4idea.http.GitAskPassApp Username for 'https://github.com': 
java_class_path (initial): D:/Programmes/PhpStorm 2020.3.2/plugins/git4idea/lib/git4idea-rt.jar;D:/Programmes/PhpStorm 2020.3.2/lib/xmlrpc-2.0.1.jar;D:/Programmes/PhpStorm 2020.3.2/lib/commons-codec-1.14.jar
Launcher Type: SUN_STANDARD

[Global flags]
     intx CICompilerCount                          = 4                                         {product} {ergonomic}
     uint ConcGCThreads                            = 2                                         {product} {ergonomic}
     uint G1ConcRefinementThreads                  = 8                                         {product} {ergonomic}
   size_t G1HeapRegionSize                         = 1048576                                   {product} {ergonomic}
    uintx GCDrainStackTargetSize                   = 64                                        {product} {ergonomic}
   size_t InitialHeapSize                          = 117440512                                 {product} {ergonomic}
   size_t MarkStackSize                            = 4194304                                   {product} {ergonomic}
   size_t MaxHeapSize                              = 1862270976                                {product} {ergonomic}
   size_t MinHeapDeltaBytes                        = 1048576                                   {product} {ergonomic}
    uintx NonNMethodCodeHeapSize                   = 5836300                                {pd product} {ergonomic}
    uintx NonProfiledCodeHeapSize                  = 122910970                              {pd product} {ergonomic}
    uintx ProfiledCodeHeapSize                     = 122910970                              {pd product} {ergonomic}
    uintx ReservedCodeCacheSize                    = 251658240                              {pd product} {ergonomic}
     bool SegmentedCodeCache                       = true                                      {product} {ergonomic}
     bool UseCompressedClassPointers               = true                                 {lp64_product} {ergonomic}
     bool UseCompressedOops                        = true                                 {lp64_product} {ergonomic}
     bool UseG1GC                                  = true                                      {product} {ergonomic}
     bool UseLargePagesIndividualAllocation        = false                                  {pd product} {ergonomic}

Logging:
Log output configuration:
 #0: stdout all=warning uptime,level,tags
 #1: stderr all=off uptime,level,tags

Environment Variables:
PATH=C:\Program Files\Git\mingw64\libexec\git-core;C:\Program Files\Git\mingw64\libexec\git-core;C:\Program Files\Git\mingw64\bin;C:\Program Files\Git\usr\bin;C:\Users\rosed\bin;C:\Program Files (x86)\Common Files\Oracle\Java\javapath;C:\Program Files\Common Files\Oracle\Java\javapath;C:\Windows\system32;C:\Windows;C:\Windows\System32\Wbem;C:\Windows\System32\WindowsPowerShell\v1.0;C:\Windows\System32\OpenSSH;C:\Program Files\dotnet;C:\Program Files\Microsoft SQL Server\130\Tools\Binn;C:\Program Files\Microsoft SQL Server\Client SDK\ODBC\170\Tools\Binn;C:\Program Files\Git\cmd;C:\Program Files (x86)\Microsoft SQL Server\150\Tools\Binn;C:\Program Files\Microsoft SQL Server\150\Tools\Binn;C:\Program Files\Microsoft SQL Server\150\DTS\Binn;C:\Program Files\Azure Data Studio\bin;C:\Program Files (x86)\Microsoft SQL Server\150\DTS\Binn;C:\Program Files (x86)\dotnet;D:\Programmes\Node;D:\Programmes\wamp64\bin\php\php7.4.9;C:\ProgramData\ComposerSetup\bin;D:\Programmes\Symfony;C:\Program Files\MySQL\MySQL Shell 8.0\bin;C:\Users\rosed\AppData\Local\Microsoft\WindowsApps;C:\Users\rosed\.dotnet\tools;C:\Program Files\Azure Data Studio\bin;C:\Users\rosed\AppData\Roaming\npm;D:\Programmes\Webstorm\WebStorm 2020.1.1\bin;C:\Users\rosed\AppData\Roaming\Composer\vendor\bin
USERNAME=rosed
DISPLAY=:0.0
LC_ALL=en_US.UTF-8
OS=Windows_NT
PROCESSOR_IDENTIFIER=AMD64 Family 23 Model 24 Stepping 1, AuthenticAMD



---------------  S Y S T E M  ---------------

OS: Windows 10 , 64 bit Build 19041 (10.0.19041.804)
OS uptime: 15 days 9:13 hours

CPU:total 8 (initial active 8) (8 cores per cpu, 2 threads per core) family 23 model 24 stepping 1, cmov, cx8, fxsr, mmx, sse, sse2, sse3, ssse3, sse4.1, sse4.2, popcnt, avx, avx2, aes, clmul, mmxext, 3dnowpref, lzcnt, sse4a, ht, tsc, tscinvbit, tscinv, bmi1, bmi2, adx, sha, fma

Memory: 4k page, system-wide physical 7103M (498M free)
TotalPageFile size 17343M (AvailPageFile size 59M)
current process WorkingSet (physical memory assigned to process): 9M, peak: 9M
current process commit charge ("private bytes"): 59M, peak: 171M

vm_info: OpenJDK 64-Bit Server VM (11.0.9.1+11-b1145.77) for windows-amd64 JRE (11.0.9.1+11-b1145.77), built on Jan 16 2021 05:14:13 by "" with MS VC++ 14.0 (VS2015)

END.
